Fri Oct 25 02:09:14 +0000 2013 Puppet (info): Loading facts in /etc/puppet/modules/firewall/lib/facter/iptables_persistent_version.rb
Fri Oct 25 02:09:14 +0000 2013 Puppet (info): Loading facts in /etc/puppet/modules/firewall/lib/facter/iptables_version.rb
Fri Oct 25 02:09:14 +0000 2013 Puppet (info): Loading facts in /etc/puppet/modules/firewall/lib/facter/ip6tables_version.rb
Fri Oct 25 02:09:14 +0000 2013 Puppet (info): Loading facts in /etc/puppet/modules/stdlib/lib/facter/puppet_vardir.rb
Fri Oct 25 02:09:14 +0000 2013 Puppet (info): Loading facts in /etc/puppet/modules/stdlib/lib/facter/pe_version.rb
Fri Oct 25 02:09:14 +0000 2013 Puppet (info): Loading facts in /etc/puppet/modules/stdlib/lib/facter/facter_dot_d.rb
Fri Oct 25 02:09:14 +0000 2013 Puppet (info): Loading facts in /etc/puppet/modules/stdlib/lib/facter/root_home.rb
Fri Oct 25 02:09:14 +0000 2013 Puppet (info): Loading facts in /etc/puppet/modules/epel/lib/facter/os_maj_version.rb
Fri Oct 25 02:09:14 +0000 2013 Puppet (info): Loading facts in /etc/puppet/modules/concat/lib/facter/concat_basedir.rb
Fri Oct 25 02:09:14 +0000 2013 Puppet (warning): Config file /etc/puppet/hiera.yaml not found, using Hiera defaults
Fri Oct 25 02:09:15 +0000 2013 Puppet (info): Loading facts in /etc/puppet/modules/firewall/lib/facter/iptables_persistent_version.rb
Fri Oct 25 02:09:15 +0000 2013 Puppet (info): Loading facts in /etc/puppet/modules/firewall/lib/facter/iptables_version.rb
Fri Oct 25 02:09:15 +0000 2013 Puppet (info): Loading facts in /etc/puppet/modules/firewall/lib/facter/ip6tables_version.rb
Fri Oct 25 02:09:15 +0000 2013 Puppet (info): Loading facts in /etc/puppet/modules/stdlib/lib/facter/puppet_vardir.rb
Fri Oct 25 02:09:15 +0000 2013 Puppet (info): Loading facts in /etc/puppet/modules/stdlib/lib/facter/pe_version.rb
Fri Oct 25 02:09:15 +0000 2013 Puppet (info): Loading facts in /etc/puppet/modules/stdlib/lib/facter/facter_dot_d.rb
Fri Oct 25 02:09:15 +0000 2013 Puppet (info): Loading facts in /etc/puppet/modules/stdlib/lib/facter/root_home.rb
Fri Oct 25 02:09:15 +0000 2013 Puppet (info): Loading facts in /etc/puppet/modules/epel/lib/facter/os_maj_version.rb
Fri Oct 25 02:09:15 +0000 2013 Puppet (info): Loading facts in /etc/puppet/modules/concat/lib/facter/concat_basedir.rb
Fri Oct 25 02:09:15 +0000 2013 Puppet (info): Applying configuration version '1382666954'
Fri Oct 25 02:09:15 +0000 2013 /Stage[pre]/Epel/Yumrepo[epel-testing-debuginfo]/descr (notice): descr changed 'Extra Packages for Enterprise Linux 6 - Testing - $basearch - Debug' to 'Extra Packages for Enterprise Linux 6 - Testing - x86_64 - Debug'
Fri Oct 25 02:09:15 +0000 2013 /Stage[pre]/Epel/Yumrepo[epel-testing-debuginfo]/baseurl (notice): baseurl changed '' to 'http://download.fedoraproject.org/pub/epel/testing/6/x86_64/debug'
Fri Oct 25 02:09:15 +0000 2013 /Stage[pre]/Epel/Yumrepo[epel-source]/descr (notice): descr changed 'Extra Packages for Enterprise Linux 6 - $basearch - Source' to 'Extra Packages for Enterprise Linux 6 - x86_64 - Source'
Fri Oct 25 02:09:15 +0000 2013 /Stage[pre]/Epel/Yumrepo[epel-source]/mirrorlist (notice): mirrorlist changed 'https://mirrors.fedoraproject.org/metalink?repo=epel-source-6&arch=$basearch' to 'http://mirrors.fedoraproject.org/mirrorlist?repo=epel-source-6&arch=x86_64'
Fri Oct 25 02:09:15 +0000 2013 /Stage[pre]/Epel/Yumrepo[epel]/descr (notice): descr changed 'Extra Packages for Enterprise Linux 6 - $basearch' to 'Extra Packages for Enterprise Linux 6 - x86_64'
Fri Oct 25 02:09:15 +0000 2013 /Stage[pre]/Epel/Yumrepo[epel]/mirrorlist (notice): mirrorlist changed 'https://mirrors.fedoraproject.org/metalink?repo=epel-6&arch=$basearch' to 'http://mirrors.fedoraproject.org/mirrorlist?repo=epel-6&arch=x86_64'
Fri Oct 25 02:09:15 +0000 2013 /Stage[pre]/Epel/Yumrepo[epel-testing-source]/descr (notice): descr changed 'Extra Packages for Enterprise Linux 6 - Testing - $basearch - Source' to 'Extra Packages for Enterprise Linux 6 - Testing - x86_64 - Source'
Fri Oct 25 02:09:15 +0000 2013 /Stage[pre]/Epel/Yumrepo[epel-testing-source]/baseurl (notice): baseurl changed '' to 'http://download.fedoraproject.org/pub/epel/testing/6/SRPMS'
Fri Oct 25 02:09:15 +0000 2013 /Stage[pre]/Epel/Yumrepo[epel-debuginfo]/descr (notice): descr changed 'Extra Packages for Enterprise Linux 6 - $basearch - Debug' to 'Extra Packages for Enterprise Linux 6 - x86_64 - Debug'
Fri Oct 25 02:09:15 +0000 2013 /Stage[pre]/Epel/Yumrepo[epel-debuginfo]/mirrorlist (notice): mirrorlist changed 'https://mirrors.fedoraproject.org/metalink?repo=epel-debug-6&arch=$basearch' to 'http://mirrors.fedoraproject.org/mirrorlist?repo=epel-debug-6&arch=x86_64'
Fri Oct 25 02:09:15 +0000 2013 /Stage[pre]/Epel/Yumrepo[epel-testing]/descr (notice): descr changed 'Extra Packages for Enterprise Linux 6 - Testing - $basearch' to 'Extra Packages for Enterprise Linux 6 - Testing - x86_64 '
Fri Oct 25 02:09:15 +0000 2013 /Stage[pre]/Epel/Yumrepo[epel-testing]/baseurl (notice): baseurl changed '' to 'http://download.fedoraproject.org/pub/epel/testing/6/x86_64'
Fri Oct 25 02:09:37 +0000 2013 /Stage[main]/Common::Packages/Package[emacs-nox]/ensure (notice): created
Fri Oct 25 02:09:37 +0000 2013 /Stage[main]/Common::Files/File[/etc/motd]/content (notice): content changed '{md5}a10cc0046a5fad11470513e5f5df9d91' to '{md5}99dcaf724f31a26c2271919fd1300eb1'
Fri Oct 25 02:09:37 +0000 2013 /Stage[main]/Common::Files/File[/etc/profile.d/harvard.sh]/ensure (notice): created
Fri Oct 25 02:09:37 +0000 2013 /Stage[main]/Common::Files/File[/var/.nsr]/ensure (notice): defined content as '{md5}13e98f4493ab2549adf7cfb8a8c20937'
Fri Oct 25 02:09:37 +0000 2013 /Stage[main]/Common::Files/File[/etc/issue]/content (notice): content changed '{md5}a9b29505ecdd827d36742cf2870cb9f1' to '{md5}5655183c3d20af18723abd98d3474946'
Fri Oct 25 02:09:37 +0000 2013 Puppet (notice): Finished catalog run in 22.51 seconds
Fri Oct 25 02:12:09 +0000 2013 Puppet (info): Loading facts in /etc/puppet/modules/firewall/lib/facter/iptables_persistent_version.rb
Fri Oct 25 02:12:09 +0000 2013 Puppet (info): Loading facts in /etc/puppet/modules/firewall/lib/facter/iptables_version.rb
Fri Oct 25 02:12:09 +0000 2013 Puppet (info): Loading facts in /etc/puppet/modules/firewall/lib/facter/ip6tables_version.rb
Fri Oct 25 02:12:09 +0000 2013 Puppet (info): Loading facts in /etc/puppet/modules/stdlib/lib/facter/puppet_vardir.rb
Fri Oct 25 02:12:09 +0000 2013 Puppet (info): Loading facts in /etc/puppet/modules/stdlib/lib/facter/pe_version.rb
Fri Oct 25 02:12:09 +0000 2013 Puppet (info): Loading facts in /etc/puppet/modules/stdlib/lib/facter/facter_dot_d.rb
Fri Oct 25 02:12:09 +0000 2013 Puppet (info): Loading facts in /etc/puppet/modules/stdlib/lib/facter/root_home.rb
Fri Oct 25 02:12:09 +0000 2013 Puppet (info): Loading facts in /etc/puppet/modules/epel/lib/facter/os_maj_version.rb
Fri Oct 25 02:12:09 +0000 2013 Puppet (info): Loading facts in /etc/puppet/modules/concat/lib/facter/concat_basedir.rb
Fri Oct 25 02:12:10 +0000 2013 Puppet (info): Loading facts in /etc/puppet/modules/firewall/lib/facter/iptables_persistent_version.rb
Fri Oct 25 02:12:10 +0000 2013 Puppet (info): Loading facts in /etc/puppet/modules/firewall/lib/facter/iptables_version.rb
Fri Oct 25 02:12:10 +0000 2013 Puppet (info): Loading facts in /etc/puppet/modules/firewall/lib/facter/ip6tables_version.rb
Fri Oct 25 02:12:10 +0000 2013 Puppet (info): Loading facts in /etc/puppet/modules/stdlib/lib/facter/puppet_vardir.rb
Fri Oct 25 02:12:10 +0000 2013 Puppet (info): Loading facts in /etc/puppet/modules/stdlib/lib/facter/pe_version.rb
Fri Oct 25 02:12:10 +0000 2013 Puppet (info): Loading facts in /etc/puppet/modules/stdlib/lib/facter/facter_dot_d.rb
Fri Oct 25 02:12:10 +0000 2013 Puppet (info): Loading facts in /etc/puppet/modules/stdlib/lib/facter/root_home.rb
Fri Oct 25 02:12:10 +0000 2013 Puppet (info): Loading facts in /etc/puppet/modules/epel/lib/facter/os_maj_version.rb
Fri Oct 25 02:12:10 +0000 2013 Puppet (info): Loading facts in /etc/puppet/modules/concat/lib/facter/concat_basedir.rb
Fri Oct 25 02:12:11 +0000 2013 Puppet (info): Applying configuration version '1382667129'
Fri Oct 25 02:12:11 +0000 2013 Puppet (notice): Finished catalog run in 0.27 seconds
Fri Oct 25 02:12:11 +0000 2013 Puppet (info): Loading facts in /etc/puppet/modules/firewall/lib/facter/iptables_persistent_version.rb
Fri Oct 25 02:12:11 +0000 2013 Puppet (info): Loading facts in /etc/puppet/modules/firewall/lib/facter/iptables_version.rb
Fri Oct 25 02:12:11 +0000 2013 Puppet (info): Loading facts in /etc/puppet/modules/firewall/lib/facter/ip6tables_version.rb
Fri Oct 25 02:12:11 +0000 2013 Puppet (info): Loading facts in /etc/puppet/modules/stdlib/lib/facter/puppet_vardir.rb
Fri Oct 25 02:12:11 +0000 2013 Puppet (info): Loading facts in /etc/puppet/modules/stdlib/lib/facter/pe_version.rb
Fri Oct 25 02:12:11 +0000 2013 Puppet (info): Loading facts in /etc/puppet/modules/stdlib/lib/facter/facter_dot_d.rb
Fri Oct 25 02:12:11 +0000 2013 Puppet (info): Loading facts in /etc/puppet/modules/stdlib/lib/facter/root_home.rb
Fri Oct 25 02:12:11 +0000 2013 Puppet (info): Loading facts in /etc/puppet/modules/epel/lib/facter/os_maj_version.rb
Fri Oct 25 02:12:11 +0000 2013 Puppet (info): Loading facts in /etc/puppet/modules/concat/lib/facter/concat_basedir.rb
Fri Oct 25 02:12:12 +0000 2013 Puppet (info): Loading facts in /etc/puppet/modules/firewall/lib/facter/iptables_persistent_version.rb
Fri Oct 25 02:12:12 +0000 2013 Puppet (info): Loading facts in /etc/puppet/modules/firewall/lib/facter/iptables_version.rb
Fri Oct 25 02:12:12 +0000 2013 Puppet (info): Loading facts in /etc/puppet/modules/firewall/lib/facter/ip6tables_version.rb
Fri Oct 25 02:12:12 +0000 2013 Puppet (info): Loading facts in /etc/puppet/modules/stdlib/lib/facter/puppet_vardir.rb
Fri Oct 25 02:12:12 +0000 2013 Puppet (info): Loading facts in /etc/puppet/modules/stdlib/lib/facter/pe_version.rb
Fri Oct 25 02:12:12 +0000 2013 Puppet (info): Loading facts in /etc/puppet/modules/stdlib/lib/facter/facter_dot_d.rb
Fri Oct 25 02:12:12 +0000 2013 Puppet (info): Loading facts in /etc/puppet/modules/stdlib/lib/facter/root_home.rb
Fri Oct 25 02:12:12 +0000 2013 Puppet (info): Loading facts in /etc/puppet/modules/epel/lib/facter/os_maj_version.rb
Fri Oct 25 02:12:12 +0000 2013 Puppet (info): Loading facts in /etc/puppet/modules/concat/lib/facter/concat_basedir.rb
Fri Oct 25 02:12:12 +0000 2013 Puppet (info): Applying configuration version '1382667131'
Fri Oct 25 02:12:13 +0000 2013 Puppet (notice): Finished catalog run in 0.27 seconds
Fri Oct 25 02:14:58 +0000 2013 Puppet (info): Loading facts in /etc/puppet/modules/firewall/lib/facter/iptables_persistent_version.rb
Fri Oct 25 02:14:58 +0000 2013 Puppet (info): Loading facts in /etc/puppet/modules/firewall/lib/facter/iptables_version.rb
Fri Oct 25 02:14:58 +0000 2013 Puppet (info): Loading facts in /etc/puppet/modules/firewall/lib/facter/ip6tables_version.rb
Fri Oct 25 02:14:58 +0000 2013 Puppet (info): Loading facts in /etc/puppet/modules/stdlib/lib/facter/puppet_vardir.rb
Fri Oct 25 02:14:58 +0000 2013 Puppet (info): Loading facts in /etc/puppet/modules/stdlib/lib/facter/pe_version.rb
Fri Oct 25 02:14:58 +0000 2013 Puppet (info): Loading facts in /etc/puppet/modules/stdlib/lib/facter/facter_dot_d.rb
Fri Oct 25 02:14:58 +0000 2013 Puppet (info): Loading facts in /etc/puppet/modules/stdlib/lib/facter/root_home.rb
Fri Oct 25 02:14:58 +0000 2013 Puppet (info): Loading facts in /etc/puppet/modules/epel/lib/facter/os_maj_version.rb
Fri Oct 25 02:14:58 +0000 2013 Puppet (info): Loading facts in /etc/puppet/modules/concat/lib/facter/concat_basedir.rb
Fri Oct 25 02:14:59 +0000 2013 Puppet (info): Loading facts in /etc/puppet/modules/firewall/lib/facter/iptables_persistent_version.rb
Fri Oct 25 02:14:59 +0000 2013 Puppet (info): Loading facts in /etc/puppet/modules/firewall/lib/facter/iptables_version.rb
Fri Oct 25 02:14:59 +0000 2013 Puppet (info): Loading facts in /etc/puppet/modules/firewall/lib/facter/ip6tables_version.rb
Fri Oct 25 02:14:59 +0000 2013 Puppet (info): Loading facts in /etc/puppet/modules/stdlib/lib/facter/puppet_vardir.rb
Fri Oct 25 02:14:59 +0000 2013 Puppet (info): Loading facts in /etc/puppet/modules/stdlib/lib/facter/pe_version.rb
Fri Oct 25 02:14:59 +0000 2013 Puppet (info): Loading facts in /etc/puppet/modules/stdlib/lib/facter/facter_dot_d.rb
Fri Oct 25 02:14:59 +0000 2013 Puppet (info): Loading facts in /etc/puppet/modules/stdlib/lib/facter/root_home.rb
Fri Oct 25 02:14:59 +0000 2013 Puppet (info): Loading facts in /etc/puppet/modules/epel/lib/facter/os_maj_version.rb
Fri Oct 25 02:14:59 +0000 2013 Puppet (info): Loading facts in /etc/puppet/modules/concat/lib/facter/concat_basedir.rb
Fri Oct 25 02:14:59 +0000 2013 Puppet (info): Applying configuration version '1382667298'
Fri Oct 25 02:15:00 +0000 2013 Puppet (notice): Finished catalog run in 0.28 seconds
Fri Oct 25 02:15:00 +0000 2013 Puppet (info): Loading facts in /etc/puppet/modules/firewall/lib/facter/iptables_persistent_version.rb
Fri Oct 25 02:15:00 +0000 2013 Puppet (info): Loading facts in /etc/puppet/modules/firewall/lib/facter/iptables_version.rb
Fri Oct 25 02:15:00 +0000 2013 Puppet (info): Loading facts in /etc/puppet/modules/firewall/lib/facter/ip6tables_version.rb
Fri Oct 25 02:15:00 +0000 2013 Puppet (info): Loading facts in /etc/puppet/modules/stdlib/lib/facter/puppet_vardir.rb
Fri Oct 25 02:15:00 +0000 2013 Puppet (info): Loading facts in /etc/puppet/modules/stdlib/lib/facter/pe_version.rb
Fri Oct 25 02:15:00 +0000 2013 Puppet (info): Loading facts in /etc/puppet/modules/stdlib/lib/facter/facter_dot_d.rb
Fri Oct 25 02:15:00 +0000 2013 Puppet (info): Loading facts in /etc/puppet/modules/stdlib/lib/facter/root_home.rb
Fri Oct 25 02:15:00 +0000 2013 Puppet (info): Loading facts in /etc/puppet/modules/epel/lib/facter/os_maj_version.rb
Fri Oct 25 02:15:00 +0000 2013 Puppet (info): Loading facts in /etc/puppet/modules/concat/lib/facter/concat_basedir.rb
Fri Oct 25 02:15:01 +0000 2013 Puppet (info): Loading facts in /etc/puppet/modules/firewall/lib/facter/iptables_persistent_version.rb
Fri Oct 25 02:15:01 +0000 2013 Puppet (info): Loading facts in /etc/puppet/modules/firewall/lib/facter/iptables_version.rb
Fri Oct 25 02:15:01 +0000 2013 Puppet (info): Loading facts in /etc/puppet/modules/firewall/lib/facter/ip6tables_version.rb
Fri Oct 25 02:15:01 +0000 2013 Puppet (info): Loading facts in /etc/puppet/modules/stdlib/lib/facter/puppet_vardir.rb
Fri Oct 25 02:15:01 +0000 2013 Puppet (info): Loading facts in /etc/puppet/modules/stdlib/lib/facter/pe_version.rb
Fri Oct 25 02:15:01 +0000 2013 Puppet (info): Loading facts in /etc/puppet/modules/stdlib/lib/facter/facter_dot_d.rb
Fri Oct 25 02:15:01 +0000 2013 Puppet (info): Loading facts in /etc/puppet/modules/stdlib/lib/facter/root_home.rb
Fri Oct 25 02:15:01 +0000 2013 Puppet (info): Loading facts in /etc/puppet/modules/epel/lib/facter/os_maj_version.rb
Fri Oct 25 02:15:01 +0000 2013 Puppet (info): Loading facts in /etc/puppet/modules/concat/lib/facter/concat_basedir.rb
Fri Oct 25 02:15:01 +0000 2013 Puppet (info): Applying configuration version '1382667300'
Fri Oct 25 02:15:02 +0000 2013 Puppet (notice): Finished catalog run in 0.29 seconds
Fri Oct 25 02:18:30 +0000 2013 Puppet (info): Loading facts in /etc/puppet/modules/firewall/lib/facter/iptables_persistent_version.rb
Fri Oct 25 02:18:30 +0000 2013 Puppet (info): Loading facts in /etc/puppet/modules/firewall/lib/facter/iptables_version.rb
Fri Oct 25 02:18:30 +0000 2013 Puppet (info): Loading facts in /etc/puppet/modules/firewall/lib/facter/ip6tables_version.rb
Fri Oct 25 02:18:30 +0000 2013 Puppet (info): Loading facts in /etc/puppet/modules/stdlib/lib/facter/puppet_vardir.rb
Fri Oct 25 02:18:30 +0000 2013 Puppet (info): Loading facts in /etc/puppet/modules/stdlib/lib/facter/pe_version.rb
Fri Oct 25 02:18:30 +0000 2013 Puppet (info): Loading facts in /etc/puppet/modules/stdlib/lib/facter/facter_dot_d.rb
Fri Oct 25 02:18:30 +0000 2013 Puppet (info): Loading facts in /etc/puppet/modules/stdlib/lib/facter/root_home.rb
Fri Oct 25 02:18:30 +0000 2013 Puppet (info): Loading facts in /etc/puppet/modules/epel/lib/facter/os_maj_version.rb
Fri Oct 25 02:18:30 +0000 2013 Puppet (info): Loading facts in /etc/puppet/modules/concat/lib/facter/concat_basedir.rb
Fri Oct 25 02:18:31 +0000 2013 Puppet (info): Loading facts in /etc/puppet/modules/firewall/lib/facter/iptables_persistent_version.rb
Fri Oct 25 02:18:31 +0000 2013 Puppet (info): Loading facts in /etc/puppet/modules/firewall/lib/facter/iptables_version.rb
Fri Oct 25 02:18:31 +0000 2013 Puppet (info): Loading facts in /etc/puppet/modules/firewall/lib/facter/ip6tables_version.rb
Fri Oct 25 02:18:31 +0000 2013 Puppet (info): Loading facts in /etc/puppet/modules/stdlib/lib/facter/puppet_vardir.rb
Fri Oct 25 02:18:31 +0000 2013 Puppet (info): Loading facts in /etc/puppet/modules/stdlib/lib/facter/pe_version.rb
Fri Oct 25 02:18:31 +0000 2013 Puppet (info): Loading facts in /etc/puppet/modules/stdlib/lib/facter/facter_dot_d.rb
Fri Oct 25 02:18:31 +0000 2013 Puppet (info): Loading facts in /etc/puppet/modules/stdlib/lib/facter/root_home.rb
Fri Oct 25 02:18:31 +0000 2013 Puppet (info): Loading facts in /etc/puppet/modules/epel/lib/facter/os_maj_version.rb
Fri Oct 25 02:18:31 +0000 2013 Puppet (info): Loading facts in /etc/puppet/modules/concat/lib/facter/concat_basedir.rb
Fri Oct 25 02:18:31 +0000 2013 Puppet (info): Applying configuration version '1382667511'
Fri Oct 25 02:18:32 +0000 2013 Puppet (notice): Finished catalog run in 0.29 seconds
Fri Oct 25 02:18:32 +0000 2013 Puppet (info): Loading facts in /etc/puppet/modules/firewall/lib/facter/iptables_persistent_version.rb
Fri Oct 25 02:18:32 +0000 2013 Puppet (info): Loading facts in /etc/puppet/modules/firewall/lib/facter/iptables_version.rb
Fri Oct 25 02:18:32 +0000 2013 Puppet (info): Loading facts in /etc/puppet/modules/firewall/lib/facter/ip6tables_version.rb
Fri Oct 25 02:18:32 +0000 2013 Puppet (info): Loading facts in /etc/puppet/modules/stdlib/lib/facter/puppet_vardir.rb
Fri Oct 25 02:18:32 +0000 2013 Puppet (info): Loading facts in /etc/puppet/modules/stdlib/lib/facter/pe_version.rb
Fri Oct 25 02:18:32 +0000 2013 Puppet (info): Loading facts in /etc/puppet/modules/stdlib/lib/facter/facter_dot_d.rb
Fri Oct 25 02:18:32 +0000 2013 Puppet (info): Loading facts in /etc/puppet/modules/stdlib/lib/facter/root_home.rb
Fri Oct 25 02:18:32 +0000 2013 Puppet (info): Loading facts in /etc/puppet/modules/epel/lib/facter/os_maj_version.rb
Fri Oct 25 02:18:32 +0000 2013 Puppet (info): Loading facts in /etc/puppet/modules/concat/lib/facter/concat_basedir.rb
Fri Oct 25 02:18:33 +0000 2013 Puppet (info): Loading facts in /etc/puppet/modules/firewall/lib/facter/iptables_persistent_version.rb
Fri Oct 25 02:18:33 +0000 2013 Puppet (info): Loading facts in /etc/puppet/modules/firewall/lib/facter/iptables_version.rb
Fri Oct 25 02:18:33 +0000 2013 Puppet (info): Loading facts in /etc/puppet/modules/firewall/lib/facter/ip6tables_version.rb
Fri Oct 25 02:18:33 +0000 2013 Puppet (info): Loading facts in /etc/puppet/modules/stdlib/lib/facter/puppet_vardir.rb
Fri Oct 25 02:18:33 +0000 2013 Puppet (info): Loading facts in /etc/puppet/modules/stdlib/lib/facter/pe_version.rb
Fri Oct 25 02:18:33 +0000 2013 Puppet (info): Loading facts in /etc/puppet/modules/stdlib/lib/facter/facter_dot_d.rb
Fri Oct 25 02:18:33 +0000 2013 Puppet (info): Loading facts in /etc/puppet/modules/stdlib/lib/facter/root_home.rb
Fri Oct 25 02:18:33 +0000 2013 Puppet (info): Loading facts in /etc/puppet/modules/epel/lib/facter/os_maj_version.rb
Fri Oct 25 02:18:33 +0000 2013 Puppet (info): Loading facts in /etc/puppet/modules/concat/lib/facter/concat_basedir.rb
Fri Oct 25 02:18:33 +0000 2013 Puppet (info): Applying configuration version '1382667512'
Fri Oct 25 02:18:34 +0000 2013 Puppet (notice): Finished catalog run in 0.29 seconds
Fri Oct 25 02:52:17 +0000 2013 Puppet (info): Loading facts in /etc/puppet/modules/firewall/lib/facter/ip6tables_version.rb
Fri Oct 25 02:52:17 +0000 2013 Puppet (info): Loading facts in /etc/puppet/modules/firewall/lib/facter/iptables_version.rb
Fri Oct 25 02:52:17 +0000 2013 Puppet (info): Loading facts in /etc/puppet/modules/firewall/lib/facter/iptables_persistent_version.rb
Fri Oct 25 02:52:17 +0000 2013 Puppet (info): Loading facts in /etc/puppet/modules/concat/lib/facter/concat_basedir.rb
Fri Oct 25 02:52:17 +0000 2013 Puppet (info): Loading facts in /etc/puppet/modules/epel/lib/facter/os_maj_version.rb
Fri Oct 25 02:52:17 +0000 2013 Puppet (info): Loading facts in /etc/puppet/modules/stdlib/lib/facter/root_home.rb
Fri Oct 25 02:52:17 +0000 2013 Puppet (info): Loading facts in /etc/puppet/modules/stdlib/lib/facter/facter_dot_d.rb
Fri Oct 25 02:52:17 +0000 2013 Puppet (info): Loading facts in /etc/puppet/modules/stdlib/lib/facter/puppet_vardir.rb
Fri Oct 25 02:52:17 +0000 2013 Puppet (info): Loading facts in /etc/puppet/modules/stdlib/lib/facter/pe_version.rb
Fri Oct 25 02:52:17 +0000 2013 Puppet (warning): Could not retrieve fact fqdn
Fri Oct 25 02:52:17 +0000 2013 Puppet (warning): Host is missing hostname and/or domain: vagrant-ubuntu-precise-64
Fri Oct 25 02:52:17 +0000 2013 Scope(Class[Epel]) (notice): Your operating system Ubuntu will not have the EPEL repository applied
Fri Oct 25 02:52:17 +0000 2013 Puppet (err): Ubuntu is not supported at /etc/puppet/modules/common/manifests/params.pp:14 on node vagrant-ubuntu-precise-64
Fri Oct 25 02:52:17 +0000 2013 Puppet (err): Ubuntu is not supported at /etc/puppet/modules/common/manifests/params.pp:14 on node vagrant-ubuntu-precise-64
Fri Oct 25 15:10:08 +0000 2013 Puppet (info): Loading facts in /etc/puppet/modules/firewall/lib/facter/iptables_persistent_version.rb
Fri Oct 25 15:10:08 +0000 2013 Puppet (info): Loading facts in /etc/puppet/modules/firewall/lib/facter/iptables_version.rb
Fri Oct 25 15:10:08 +0000 2013 Puppet (info): Loading facts in /etc/puppet/modules/firewall/lib/facter/ip6tables_version.rb
Fri Oct 25 15:10:08 +0000 2013 Puppet (info): Loading facts in /etc/puppet/modules/stdlib/lib/facter/puppet_vardir.rb
Fri Oct 25 15:10:08 +0000 2013 Puppet (info): Loading facts in /etc/puppet/modules/stdlib/lib/facter/pe_version.rb
Fri Oct 25 15:10:08 +0000 2013 Puppet (info): Loading facts in /etc/puppet/modules/stdlib/lib/facter/facter_dot_d.rb
Fri Oct 25 15:10:08 +0000 2013 Puppet (info): Loading facts in /etc/puppet/modules/stdlib/lib/facter/root_home.rb
Fri Oct 25 15:10:08 +0000 2013 Puppet (info): Loading facts in /etc/puppet/modules/epel/lib/facter/os_maj_version.rb
Fri Oct 25 15:10:08 +0000 2013 Puppet (info): Loading facts in /etc/puppet/modules/concat/lib/facter/concat_basedir.rb
Fri Oct 25 15:10:09 +0000 2013 Puppet (info): Loading facts in /etc/puppet/modules/firewall/lib/facter/iptables_persistent_version.rb
Fri Oct 25 15:10:09 +0000 2013 Puppet (info): Loading facts in /etc/puppet/modules/firewall/lib/facter/iptables_version.rb
Fri Oct 25 15:10:09 +0000 2013 Puppet (info): Loading facts in /etc/puppet/modules/firewall/lib/facter/ip6tables_version.rb
Fri Oct 25 15:10:09 +0000 2013 Puppet (info): Loading facts in /etc/puppet/modules/stdlib/lib/facter/puppet_vardir.rb
Fri Oct 25 15:10:09 +0000 2013 Puppet (info): Loading facts in /etc/puppet/modules/stdlib/lib/facter/pe_version.rb
Fri Oct 25 15:10:09 +0000 2013 Puppet (info): Loading facts in /etc/puppet/modules/stdlib/lib/facter/facter_dot_d.rb
Fri Oct 25 15:10:09 +0000 2013 Puppet (info): Loading facts in /etc/puppet/modules/stdlib/lib/facter/root_home.rb
Fri Oct 25 15:10:09 +0000 2013 Puppet (info): Loading facts in /etc/puppet/modules/epel/lib/facter/os_maj_version.rb
Fri Oct 25 15:10:09 +0000 2013 Puppet (info): Loading facts in /etc/puppet/modules/concat/lib/facter/concat_basedir.rb
Fri Oct 25 15:10:09 +0000 2013 Puppet (info): Applying configuration version '1382713808'
Fri Oct 25 15:10:10 +0000 2013 /Stage[pre]/Epel/Yumrepo[epel-testing-debuginfo]/descr (notice): descr changed 'Extra Packages for Enterprise Linux 6 - Testing - $basearch - Debug' to 'Extra Packages for Enterprise Linux 6 - Testing - x86_64 - Debug'
Fri Oct 25 15:10:10 +0000 2013 /Stage[pre]/Epel/Yumrepo[epel-testing-debuginfo]/baseurl (notice): baseurl changed '' to 'http://download.fedoraproject.org/pub/epel/testing/6/x86_64/debug'
Fri Oct 25 15:10:10 +0000 2013 /Stage[pre]/Epel/Yumrepo[epel-source]/descr (notice): descr changed 'Extra Packages for Enterprise Linux 6 - $basearch - Source' to 'Extra Packages for Enterprise Linux 6 - x86_64 - Source'
Fri Oct 25 15:10:10 +0000 2013 /Stage[pre]/Epel/Yumrepo[epel-source]/mirrorlist (notice): mirrorlist changed 'https://mirrors.fedoraproject.org/metalink?repo=epel-source-6&arch=$basearch' to 'http://mirrors.fedoraproject.org/mirrorlist?repo=epel-source-6&arch=x86_64'
Fri Oct 25 15:10:10 +0000 2013 /Stage[pre]/Epel/Yumrepo[epel]/descr (notice): descr changed 'Extra Packages for Enterprise Linux 6 - $basearch' to 'Extra Packages for Enterprise Linux 6 - x86_64'
Fri Oct 25 15:10:10 +0000 2013 /Stage[pre]/Epel/Yumrepo[epel]/mirrorlist (notice): mirrorlist changed 'https://mirrors.fedoraproject.org/metalink?repo=epel-6&arch=$basearch' to 'http://mirrors.fedoraproject.org/mirrorlist?repo=epel-6&arch=x86_64'
Fri Oct 25 15:10:10 +0000 2013 /Stage[pre]/Epel/Yumrepo[epel-testing-source]/descr (notice): descr changed 'Extra Packages for Enterprise Linux 6 - Testing - $basearch - Source' to 'Extra Packages for Enterprise Linux 6 - Testing - x86_64 - Source'
Fri Oct 25 15:10:10 +0000 2013 /Stage[pre]/Epel/Yumrepo[epel-testing-source]/baseurl (notice): baseurl changed '' to 'http://download.fedoraproject.org/pub/epel/testing/6/SRPMS'
Fri Oct 25 15:10:10 +0000 2013 /Stage[pre]/Epel/Yumrepo[epel-debuginfo]/descr (notice): descr changed 'Extra Packages for Enterprise Linux 6 - $basearch - Debug' to 'Extra Packages for Enterprise Linux 6 - x86_64 - Debug'
Fri Oct 25 15:10:10 +0000 2013 /Stage[pre]/Epel/Yumrepo[epel-debuginfo]/mirrorlist (notice): mirrorlist changed 'https://mirrors.fedoraproject.org/metalink?repo=epel-debug-6&arch=$basearch' to 'http://mirrors.fedoraproject.org/mirrorlist?repo=epel-debug-6&arch=x86_64'
Fri Oct 25 15:10:10 +0000 2013 /Stage[pre]/Epel/Yumrepo[epel-testing]/descr (notice): descr changed 'Extra Packages for Enterprise Linux 6 - Testing - $basearch' to 'Extra Packages for Enterprise Linux 6 - Testing - x86_64 '
Fri Oct 25 15:10:10 +0000 2013 /Stage[pre]/Epel/Yumrepo[epel-testing]/baseurl (notice): baseurl changed '' to 'http://download.fedoraproject.org/pub/epel/testing/6/x86_64'
Fri Oct 25 15:10:47 +0000 2013 /Stage[main]/Common::Packages/Package[emacs-nox]/ensure (notice): created
Fri Oct 25 15:10:47 +0000 2013 /Stage[main]/Common::Files/File[/etc/motd]/content (notice): content changed '{md5}a10cc0046a5fad11470513e5f5df9d91' to '{md5}99dcaf724f31a26c2271919fd1300eb1'
Fri Oct 25 15:10:47 +0000 2013 /Stage[main]/Common::Files/File[/etc/profile.d/harvard.sh]/ensure (notice): created
Fri Oct 25 15:10:47 +0000 2013 /Stage[main]/Common::Files/File[/var/.nsr]/ensure (notice): defined content as '{md5}13e98f4493ab2549adf7cfb8a8c20937'
Fri Oct 25 15:10:47 +0000 2013 /Stage[main]/Common::Files/File[/etc/issue]/content (notice): content changed '{md5}a9b29505ecdd827d36742cf2870cb9f1' to '{md5}5655183c3d20af18723abd98d3474946'
Fri Oct 25 15:10:47 +0000 2013 Puppet (notice): Finished catalog run in 37.59 seconds
Fri Oct 25 15:46:30 +0000 2013 Puppet (info): Loading facts in /etc/puppet/modules/firewall/lib/facter/iptables_persistent_version.rb
Fri Oct 25 15:46:30 +0000 2013 Puppet (info): Loading facts in /etc/puppet/modules/firewall/lib/facter/iptables_version.rb
Fri Oct 25 15:46:30 +0000 2013 Puppet (info): Loading facts in /etc/puppet/modules/firewall/lib/facter/ip6tables_version.rb
Fri Oct 25 15:46:30 +0000 2013 Puppet (info): Loading facts in /etc/puppet/modules/stdlib/lib/facter/puppet_vardir.rb
Fri Oct 25 15:46:30 +0000 2013 Puppet (info): Loading facts in /etc/puppet/modules/stdlib/lib/facter/pe_version.rb
Fri Oct 25 15:46:30 +0000 2013 Puppet (info): Loading facts in /etc/puppet/modules/stdlib/lib/facter/facter_dot_d.rb
Fri Oct 25 15:46:30 +0000 2013 Puppet (info): Loading facts in /etc/puppet/modules/stdlib/lib/facter/root_home.rb
Fri Oct 25 15:46:30 +0000 2013 Puppet (info): Loading facts in /etc/puppet/modules/epel/lib/facter/os_maj_version.rb
Fri Oct 25 15:46:30 +0000 2013 Puppet (info): Loading facts in /etc/puppet/modules/concat/lib/facter/concat_basedir.rb
Fri Oct 25 15:46:31 +0000 2013 Puppet (notice): Compiled catalog for localhost.harvard.edu in environment production in 0.52 seconds
Fri Oct 25 15:46:31 +0000 2013 Puppet (info): Loading facts in /etc/puppet/modules/firewall/lib/facter/iptables_persistent_version.rb
Fri Oct 25 15:46:31 +0000 2013 Puppet (info): Loading facts in /etc/puppet/modules/firewall/lib/facter/iptables_version.rb
Fri Oct 25 15:46:31 +0000 2013 Puppet (info): Loading facts in /etc/puppet/modules/firewall/lib/facter/ip6tables_version.rb
Fri Oct 25 15:46:31 +0000 2013 Puppet (info): Loading facts in /etc/puppet/modules/stdlib/lib/facter/puppet_vardir.rb
Fri Oct 25 15:46:31 +0000 2013 Puppet (info): Loading facts in /etc/puppet/modules/stdlib/lib/facter/pe_version.rb
Fri Oct 25 15:46:31 +0000 2013 Puppet (info): Loading facts in /etc/puppet/modules/stdlib/lib/facter/facter_dot_d.rb
Fri Oct 25 15:46:31 +0000 2013 Puppet (info): Loading facts in /etc/puppet/modules/stdlib/lib/facter/root_home.rb
Fri Oct 25 15:46:31 +0000 2013 Puppet (info): Loading facts in /etc/puppet/modules/epel/lib/facter/os_maj_version.rb
Fri Oct 25 15:46:31 +0000 2013 Puppet (info): Loading facts in /etc/puppet/modules/concat/lib/facter/concat_basedir.rb
Fri Oct 25 15:46:31 +0000 2013 Puppet (info): Applying configuration version '1382715990'
Fri Oct 25 15:46:32 +0000 2013 Puppet (notice): Finished catalog run in 0.29 seconds
Fri Oct 25 15:46:32 +0000 2013 Puppet (info): Loading facts in /etc/puppet/modules/firewall/lib/facter/iptables_persistent_version.rb
Fri Oct 25 15:46:32 +0000 2013 Puppet (info): Loading facts in /etc/puppet/modules/firewall/lib/facter/iptables_version.rb
Fri Oct 25 15:46:32 +0000 2013 Puppet (info): Loading facts in /etc/puppet/modules/firewall/lib/facter/ip6tables_version.rb
Fri Oct 25 15:46:32 +0000 2013 Puppet (info): Loading facts in /etc/puppet/modules/stdlib/lib/facter/puppet_vardir.rb
Fri Oct 25 15:46:32 +0000 2013 Puppet (info): Loading facts in /etc/puppet/modules/stdlib/lib/facter/pe_version.rb
Fri Oct 25 15:46:32 +0000 2013 Puppet (info): Loading facts in /etc/puppet/modules/stdlib/lib/facter/facter_dot_d.rb
Fri Oct 25 15:46:32 +0000 2013 Puppet (info): Loading facts in /etc/puppet/modules/stdlib/lib/facter/root_home.rb
Fri Oct 25 15:46:32 +0000 2013 Puppet (info): Loading facts in /etc/puppet/modules/epel/lib/facter/os_maj_version.rb
Fri Oct 25 15:46:32 +0000 2013 Puppet (info): Loading facts in /etc/puppet/modules/concat/lib/facter/concat_basedir.rb
Fri Oct 25 15:46:33 +0000 2013 Puppet (notice): Compiled catalog for localhost.harvard.edu in environment production in 0.51 seconds
Fri Oct 25 15:46:33 +0000 2013 Puppet (info): Loading facts in /etc/puppet/modules/firewall/lib/facter/iptables_persistent_version.rb
Fri Oct 25 15:46:33 +0000 2013 Puppet (info): Loading facts in /etc/puppet/modules/firewall/lib/facter/iptables_version.rb
Fri Oct 25 15:46:33 +0000 2013 Puppet (info): Loading facts in /etc/puppet/modules/firewall/lib/facter/ip6tables_version.rb
Fri Oct 25 15:46:33 +0000 2013 Puppet (info): Loading facts in /etc/puppet/modules/stdlib/lib/facter/puppet_vardir.rb
Fri Oct 25 15:46:33 +0000 2013 Puppet (info): Loading facts in /etc/puppet/modules/stdlib/lib/facter/pe_version.rb
Fri Oct 25 15:46:33 +0000 2013 Puppet (info): Loading facts in /etc/puppet/modules/stdlib/lib/facter/facter_dot_d.rb
Fri Oct 25 15:46:33 +0000 2013 Puppet (info): Loading facts in /etc/puppet/modules/stdlib/lib/facter/root_home.rb
Fri Oct 25 15:46:33 +0000 2013 Puppet (info): Loading facts in /etc/puppet/modules/epel/lib/facter/os_maj_version.rb
Fri Oct 25 15:46:33 +0000 2013 Puppet (info): Loading facts in /etc/puppet/modules/concat/lib/facter/concat_basedir.rb
Fri Oct 25 15:46:33 +0000 2013 Puppet (info): Applying configuration version '1382715992'
Fri Oct 25 15:46:34 +0000 2013 Puppet (notice): Finished catalog run in 0.28 seconds
